{"contracts/DataStorage.sol":{"l":{"111":28,"121":28,"122":28,"123":28,"133":15,"142":15,"143":15,"144":15,"156":2,"167":2,"168":2,"178":4,"179":4,"180":4,"181":4,"182":4,"183":4,"193":5,"194":5,"195":5,"196":5,"197":5,"198":5,"202":4,"203":4,"207":2,"208":2,"212":0,"216":0,"220":21,"224":14,"228":5,"232":5,"236":0,"240":1},"path":"/home/nexus/dev/alyra/GoldChain/backend/contracts/DataStorage.sol","s":{"1":28,"2":28,"3":15,"4":15,"5":2,"6":4,"7":5,"8":4,"9":2,"10":0,"11":0,"12":21,"13":14,"14":5,"15":5,"16":0,"17":1},"b":{},"f":{"1":17,"2":28,"3":15,"4":2,"5":4,"6":5,"7":4,"8":2,"9":0,"10":0,"11":21,"12":14,"13":5,"14":5,"15":0,"16":1},"fnMap":{"1":{"name":"constructor","line":97,"loc":{"start":{"line":97,"column":4},"end":{"line":99,"column":4}}},"2":{"name":"addJeweler","line":103,"loc":{"start":{"line":103,"column":4},"end":{"line":124,"column":4}}},"3":{"name":"addCustomer","line":126,"loc":{"start":{"line":126,"column":4},"end":{"line":145,"column":4}}},"4":{"name":"addCertificate","line":147,"loc":{"start":{"line":147,"column":4},"end":{"line":169,"column":4}}},"5":{"name":"updateCustomer","line":171,"loc":{"start":{"line":171,"column":4},"end":{"line":184,"column":4}}},"6":{"name":"updateJeweler","line":186,"loc":{"start":{"line":186,"column":4},"end":{"line":199,"column":4}}},"7":{"name":"activateJeweler","line":201,"loc":{"start":{"line":201,"column":4},"end":{"line":204,"column":4}}},"8":{"name":"desactivateJeweler","line":206,"loc":{"start":{"line":206,"column":4},"end":{"line":209,"column":4}}},"9":{"name":"updateCertificate","line":211,"loc":{"start":{"line":211,"column":4},"end":{"line":213,"column":4}}},"10":{"name":"transertCertificate","line":215,"loc":{"start":{"line":215,"column":4},"end":{"line":217,"column":4}}},"11":{"name":"getOneJeweler","line":219,"loc":{"start":{"line":219,"column":4},"end":{"line":221,"column":4}}},"12":{"name":"getOneCustomer","line":223,"loc":{"start":{"line":223,"column":4},"end":{"line":225,"column":4}}},"13":{"name":"getCustomerCount","line":227,"loc":{"start":{"line":227,"column":4},"end":{"line":229,"column":4}}},"14":{"name":"getJewelerCount","line":231,"loc":{"start":{"line":231,"column":4},"end":{"line":233,"column":4}}},"15":{"name":"getOneCertificate","line":235,"loc":{"start":{"line":235,"column":4},"end":{"line":237,"column":4}}},"16":{"name":"getCertificateCount","line":239,"loc":{"start":{"line":239,"column":4},"end":{"line":241,"column":4}}}},"statementMap":{"1":{"start":{"line":122,"column":8},"end":{"line":122,"column":46}},"2":{"start":{"line":123,"column":8},"end":{"line":123,"column":19}},"3":{"start":{"line":143,"column":8},"end":{"line":143,"column":48}},"4":{"start":{"line":144,"column":8},"end":{"line":144,"column":19}},"5":{"start":{"line":168,"column":8},"end":{"line":168,"column":19}},"6":{"start":{"line":183,"column":8},"end":{"line":183,"column":19}},"7":{"start":{"line":198,"column":8},"end":{"line":198,"column":19}},"8":{"start":{"line":203,"column":8},"end":{"line":203,"column":19}},"9":{"start":{"line":208,"column":8},"end":{"line":208,"column":19}},"10":{"start":{"line":212,"column":8},"end":{"line":212,"column":19}},"11":{"start":{"line":216,"column":8},"end":{"line":216,"column":19}},"12":{"start":{"line":220,"column":8},"end":{"line":220,"column":40}},"13":{"start":{"line":224,"column":8},"end":{"line":224,"column":42}},"14":{"start":{"line":228,"column":8},"end":{"line":228,"column":29}},"15":{"start":{"line":232,"column":8},"end":{"line":232,"column":28}},"16":{"start":{"line":236,"column":8},"end":{"line":236,"column":43}},"17":{"start":{"line":240,"column":8},"end":{"line":240,"column":32}}},"branchMap":{}},"contracts/GoldChain.sol":{"l":{"66":1,"67":1,"68":1,"69":1,"94":9,"95":0,"97":9,"98":9,"104":9,"105":9,"113":20,"114":0,"116":20,"117":20,"124":20,"125":20,"137":2,"146":2,"147":2,"156":4,"157":0,"159":4,"166":4,"167":4,"176":5,"177":0,"179":5,"186":5,"187":5,"191":0,"195":0,"196":0,"203":11,"210":7,"216":4,"217":4,"218":4,"222":2,"223":2,"224":2,"228":2,"232":2,"236":0,"237":0,"238":0,"243":0,"244":0,"245":0,"246":0,"247":0,"248":0,"252":0,"253":0,"262":0},"path":"/home/nexus/dev/alyra/GoldChain/backend/contracts/GoldChain.sol","s":{"1":1,"2":1,"3":9,"4":9,"5":9,"6":9,"7":9,"8":20,"9":20,"10":20,"11":20,"12":20,"13":2,"14":2,"15":2,"16":4,"17":4,"18":4,"19":4,"20":5,"21":5,"22":5,"23":5,"24":0,"25":0,"26":0,"27":11,"28":7,"29":4,"30":4,"31":4,"32":2,"33":2,"34":2,"35":2,"36":2,"37":0,"38":0,"39":0,"40":0,"41":0,"42":0,"43":0,"44":0},"b":{"1":[0,9],"2":[0,20],"3":[2,0],"4":[4,0],"5":[0,4],"6":[5,0],"7":[0,5],"8":[4,1],"9":[2,1],"10":[0,0]},"f":{"1":1,"2":9,"3":20,"4":2,"5":4,"6":5,"7":0,"8":0,"9":11,"10":7,"11":4,"12":2,"13":2,"14":2,"15":0,"16":0,"17":0,"18":0},"fnMap":{"1":{"name":"constructor","line":65,"loc":{"start":{"line":65,"column":4},"end":{"line":70,"column":4}}},"2":{"name":"createCustomer","line":89,"loc":{"start":{"line":89,"column":4},"end":{"line":106,"column":4}}},"3":{"name":"createJeweler","line":108,"loc":{"start":{"line":108,"column":4},"end":{"line":126,"column":4}}},"4":{"name":"createCertificate","line":136,"loc":{"start":{"line":128,"column":4},"end":{"line":148,"column":4}}},"5":{"name":"updateCustomer","line":155,"loc":{"start":{"line":150,"column":4},"end":{"line":168,"column":4}}},"6":{"name":"updateJeweler","line":175,"loc":{"start":{"line":170,"column":4},"end":{"line":188,"column":4}}},"7":{"name":"updateCertificate","line":190,"loc":{"start":{"line":190,"column":4},"end":{"line":192,"column":4}}},"8":{"name":"transertCertificate","line":194,"loc":{"start":{"line":194,"column":4},"end":{"line":197,"column":4}}},"9":{"name":"getOneJeweler","line":202,"loc":{"start":{"line":202,"column":4},"end":{"line":204,"column":4}}},"10":{"name":"getOneCustomer","line":209,"loc":{"start":{"line":209,"column":4},"end":{"line":211,"column":4}}},"11":{"name":"activateJeweler","line":215,"loc":{"start":{"line":215,"column":4},"end":{"line":219,"column":4}}},"12":{"name":"desactivateJeweler","line":221,"loc":{"start":{"line":221,"column":4},"end":{"line":225,"column":4}}},"13":{"name":"getJewelerCount","line":227,"loc":{"start":{"line":227,"column":4},"end":{"line":229,"column":4}}},"14":{"name":"getCustomerCount","line":231,"loc":{"start":{"line":231,"column":4},"end":{"line":233,"column":4}}},"15":{"name":"getTraits","line":235,"loc":{"start":{"line":235,"column":4},"end":{"line":239,"column":4}}},"16":{"name":"genSVG","line":241,"loc":{"start":{"line":241,"column":4},"end":{"line":249,"column":4}}},"17":{"name":"tokenURI","line":251,"loc":{"start":{"line":251,"column":4},"end":{"line":254,"column":4}}},"18":{"name":"supportsInterface","line":256,"loc":{"start":{"line":256,"column":4},"end":{"line":263,"column":4}}}},"statementMap":{"1":{"start":{"line":66,"column":8},"end":{"line":66,"column":49}},"2":{"start":{"line":67,"column":8},"end":{"line":67,"column":36}},"3":{"start":{"line":94,"column":12},"end":{"line":94,"column":3661}},"4":{"start":{"line":97,"column":12},"end":{"line":97,"column":49}},"5":{"start":{"line":98,"column":12},"end":{"line":98,"column":3844}},"6":{"start":{"line":104,"column":12},"end":{"line":104,"column":61}},"7":{"start":{"line":105,"column":8},"end":{"line":105,"column":19}},"8":{"start":{"line":113,"column":12},"end":{"line":113,"column":4254}},"9":{"start":{"line":116,"column":12},"end":{"line":116,"column":48}},"10":{"start":{"line":117,"column":12},"end":{"line":117,"column":4434}},"11":{"start":{"line":124,"column":12},"end":{"line":124,"column":60}},"12":{"start":{"line":125,"column":8},"end":{"line":125,"column":19}},"13":{"start":{"line":137,"column":8},"end":{"line":137,"column":5069}},"14":{"start":{"line":146,"column":8},"end":{"line":146,"column":42}},"15":{"start":{"line":147,"column":8},"end":{"line":147,"column":19}},"16":{"start":{"line":156,"column":8},"end":{"line":156,"column":5567}},"17":{"start":{"line":159,"column":8},"end":{"line":159,"column":5691}},"18":{"start":{"line":166,"column":8},"end":{"line":166,"column":57}},"19":{"start":{"line":167,"column":8},"end":{"line":167,"column":19}},"20":{"start":{"line":176,"column":8},"end":{"line":176,"column":6140}},"21":{"start":{"line":179,"column":8},"end":{"line":179,"column":6262}},"22":{"start":{"line":186,"column":8},"end":{"line":186,"column":56}},"23":{"start":{"line":187,"column":8},"end":{"line":187,"column":19}},"24":{"start":{"line":191,"column":8},"end":{"line":191,"column":19}},"25":{"start":{"line":195,"column":8},"end":{"line":195,"column":43}},"26":{"start":{"line":196,"column":8},"end":{"line":196,"column":19}},"27":{"start":{"line":203,"column":8},"end":{"line":203,"column":57}},"28":{"start":{"line":210,"column":8},"end":{"line":210,"column":59}},"29":{"start":{"line":216,"column":8},"end":{"line":216,"column":51}},"30":{"start":{"line":217,"column":8},"end":{"line":217,"column":63}},"31":{"start":{"line":218,"column":8},"end":{"line":218,"column":19}},"32":{"start":{"line":222,"column":8},"end":{"line":222,"column":54}},"33":{"start":{"line":223,"column":8},"end":{"line":223,"column":66}},"34":{"start":{"line":224,"column":8},"end":{"line":224,"column":19}},"35":{"start":{"line":228,"column":8},"end":{"line":228,"column":44}},"36":{"start":{"line":232,"column":8},"end":{"line":232,"column":45}},"37":{"start":{"line":236,"column":8},"end":{"line":236,"column":81}},"38":{"start":{"line":237,"column":8},"end":{"line":237,"column":114}},"39":{"start":{"line":238,"column":8},"end":{"line":238,"column":121}},"40":{"start":{"line":243,"column":8},"end":{"line":243,"column":57}},"41":{"start":{"line":248,"column":8},"end":{"line":248,"column":78}},"42":{"start":{"line":252,"column":8},"end":{"line":252,"column":59}},"43":{"start":{"line":253,"column":8},"end":{"line":253,"column":183}},"44":{"start":{"line":262,"column":8},"end":{"line":262,"column":51}}},"branchMap":{"1":{"line":94,"type":"if","locations":[{"start":{"line":94,"column":12},"end":{"line":94,"column":12}},{"start":{"line":94,"column":12},"end":{"line":94,"column":12}}]},"2":{"line":113,"type":"if","locations":[{"start":{"line":113,"column":12},"end":{"line":113,"column":12}},{"start":{"line":113,"column":12},"end":{"line":113,"column":12}}]},"3":{"line":136,"type":"if","locations":[{"start":{"line":136,"column":15},"end":{"line":136,"column":15}},{"start":{"line":136,"column":15},"end":{"line":136,"column":15}}]},"4":{"line":155,"type":"if","locations":[{"start":{"line":155,"column":15},"end":{"line":155,"column":15}},{"start":{"line":155,"column":15},"end":{"line":155,"column":15}}]},"5":{"line":156,"type":"if","locations":[{"start":{"line":156,"column":8},"end":{"line":156,"column":8}},{"start":{"line":156,"column":8},"end":{"line":156,"column":8}}]},"6":{"line":175,"type":"if","locations":[{"start":{"line":175,"column":15},"end":{"line":175,"column":15}},{"start":{"line":175,"column":15},"end":{"line":175,"column":15}}]},"7":{"line":176,"type":"if","locations":[{"start":{"line":176,"column":8},"end":{"line":176,"column":8}},{"start":{"line":176,"column":8},"end":{"line":176,"column":8}}]},"8":{"line":215,"type":"if","locations":[{"start":{"line":215,"column":63},"end":{"line":215,"column":63}},{"start":{"line":215,"column":63},"end":{"line":215,"column":63}}]},"9":{"line":221,"type":"if","locations":[{"start":{"line":221,"column":66},"end":{"line":221,"column":66}},{"start":{"line":221,"column":66},"end":{"line":221,"column":66}}]},"10":{"line":252,"type":"if","locations":[{"start":{"line":252,"column":8},"end":{"line":252,"column":8}},{"start":{"line":252,"column":8},"end":{"line":252,"column":8}}]}}},"contracts/NFTGoldChain.sol":{"l":{"19":0,"20":0,"23":0,"26":0,"27":0,"29":0,"58":0,"150":0,"151":0,"152":0,"159":0,"169":0,"174":0,"183":2,"190":0,"200":0},"path":"/home/nexus/dev/alyra/GoldChain/backend/contracts/NFTGoldChain.sol","s":{"1":0,"2":0,"3":0,"4":0,"5":0,"6":0,"7":0,"8":0,"9":0,"10":0,"11":0,"12":0,"13":0,"14":2,"15":0,"16":0},"b":{"1":[0,0]},"f":{"1":0,"2":1,"3":0,"4":0,"5":0,"6":0,"7":2,"8":0,"9":0},"fnMap":{"1":{"name":"encode","line":18,"loc":{"start":{"line":18,"column":4},"end":{"line":59,"column":4}}},"2":{"name":"constructor","line":144,"loc":{"start":{"line":143,"column":4},"end":{"line":147,"column":4}}},"3":{"name":"safeMint","line":149,"loc":{"start":{"line":149,"column":4},"end":{"line":153,"column":4}}},"4":{"name":"getTraits","line":156,"loc":{"start":{"line":156,"column":4},"end":{"line":160,"column":4}}},"5":{"name":"genSVG","line":162,"loc":{"start":{"line":162,"column":4},"end":{"line":170,"column":4}}},"6":{"name":"tokenURI","line":172,"loc":{"start":{"line":172,"column":4},"end":{"line":175,"column":4}}},"7":{"name":"_update","line":178,"loc":{"start":{"line":178,"column":4},"end":{"line":184,"column":4}}},"8":{"name":"_increaseBalance","line":186,"loc":{"start":{"line":186,"column":4},"end":{"line":191,"column":4}}},"9":{"name":"supportsInterface","line":193,"loc":{"start":{"line":193,"column":4},"end":{"line":201,"column":4}}}},"statementMap":{"1":{"start":{"line":19,"column":8},"end":{"line":19,"column":33}},"2":{"start":{"line":20,"column":8},"end":{"line":20,"column":31}},"3":{"start":{"line":20,"column":22},"end":{"line":20,"column":31}},"4":{"start":{"line":23,"column":8},"end":{"line":23,"column":48}},"5":{"start":{"line":26,"column":8},"end":{"line":26,"column":56}},"6":{"start":{"line":27,"column":8},"end":{"line":27,"column":34}},"7":{"start":{"line":58,"column":8},"end":{"line":58,"column":29}},"8":{"start":{"line":150,"column":8},"end":{"line":150,"column":40}},"9":{"start":{"line":151,"column":8},"end":{"line":151,"column":29}},"10":{"start":{"line":152,"column":8},"end":{"line":152,"column":22}},"11":{"start":{"line":159,"column":8},"end":{"line":159,"column":17}},"12":{"start":{"line":169,"column":8},"end":{"line":169,"column":17}},"13":{"start":{"line":174,"column":8},"end":{"line":174,"column":17}},"14":{"start":{"line":183,"column":8},"end":{"line":183,"column":47}},"15":{"start":{"line":190,"column":8},"end":{"line":190,"column":45}},"16":{"start":{"line":200,"column":8},"end":{"line":200,"column":51}}},"branchMap":{"1":{"line":20,"type":"if","locations":[{"start":{"line":20,"column":8},"end":{"line":20,"column":8}},{"start":{"line":20,"column":8},"end":{"line":20,"column":8}}]}}}}