{"contracts/DataStorage.sol":{"l":{"111":29,"121":29,"122":29,"123":29,"133":16,"142":16,"143":16,"144":16,"156":2,"167":2,"168":2,"178":4,"179":4,"180":4,"181":4,"182":4,"183":4,"193":5,"194":5,"195":5,"196":5,"197":5,"198":5,"202":4,"203":4,"207":2,"208":2,"212":0,"216":0,"220":16,"224":10,"228":5,"232":5,"236":0,"240":1},"path":"/home/nexus/dev/alyra/GoldChain/backend/contracts/DataStorage.sol","s":{"1":29,"2":29,"3":16,"4":16,"5":2,"6":4,"7":5,"8":4,"9":2,"10":0,"11":0,"12":16,"13":10,"14":5,"15":5,"16":0,"17":1},"b":{},"f":{"1":17,"2":29,"3":16,"4":2,"5":4,"6":5,"7":4,"8":2,"9":0,"10":0,"11":16,"12":10,"13":5,"14":5,"15":0,"16":1},"fnMap":{"1":{"name":"constructor","line":97,"loc":{"start":{"line":97,"column":4},"end":{"line":99,"column":4}}},"2":{"name":"addJeweler","line":103,"loc":{"start":{"line":103,"column":4},"end":{"line":124,"column":4}}},"3":{"name":"addCustomer","line":126,"loc":{"start":{"line":126,"column":4},"end":{"line":145,"column":4}}},"4":{"name":"addCertificate","line":147,"loc":{"start":{"line":147,"column":4},"end":{"line":169,"column":4}}},"5":{"name":"updateCustomer","line":171,"loc":{"start":{"line":171,"column":4},"end":{"line":184,"column":4}}},"6":{"name":"updateJeweler","line":186,"loc":{"start":{"line":186,"column":4},"end":{"line":199,"column":4}}},"7":{"name":"activateJeweler","line":201,"loc":{"start":{"line":201,"column":4},"end":{"line":204,"column":4}}},"8":{"name":"desactivateJeweler","line":206,"loc":{"start":{"line":206,"column":4},"end":{"line":209,"column":4}}},"9":{"name":"updateCertificate","line":211,"loc":{"start":{"line":211,"column":4},"end":{"line":213,"column":4}}},"10":{"name":"transertCertificate","line":215,"loc":{"start":{"line":215,"column":4},"end":{"line":217,"column":4}}},"11":{"name":"getOneJeweler","line":219,"loc":{"start":{"line":219,"column":4},"end":{"line":221,"column":4}}},"12":{"name":"getOneCustomer","line":223,"loc":{"start":{"line":223,"column":4},"end":{"line":225,"column":4}}},"13":{"name":"getCustomerCount","line":227,"loc":{"start":{"line":227,"column":4},"end":{"line":229,"column":4}}},"14":{"name":"getJewelerCount","line":231,"loc":{"start":{"line":231,"column":4},"end":{"line":233,"column":4}}},"15":{"name":"getOneCertificate","line":235,"loc":{"start":{"line":235,"column":4},"end":{"line":237,"column":4}}},"16":{"name":"getCertificateCount","line":239,"loc":{"start":{"line":239,"column":4},"end":{"line":241,"column":4}}}},"statementMap":{"1":{"start":{"line":122,"column":8},"end":{"line":122,"column":46}},"2":{"start":{"line":123,"column":8},"end":{"line":123,"column":19}},"3":{"start":{"line":143,"column":8},"end":{"line":143,"column":48}},"4":{"start":{"line":144,"column":8},"end":{"line":144,"column":19}},"5":{"start":{"line":168,"column":8},"end":{"line":168,"column":19}},"6":{"start":{"line":183,"column":8},"end":{"line":183,"column":19}},"7":{"start":{"line":198,"column":8},"end":{"line":198,"column":19}},"8":{"start":{"line":203,"column":8},"end":{"line":203,"column":19}},"9":{"start":{"line":208,"column":8},"end":{"line":208,"column":19}},"10":{"start":{"line":212,"column":8},"end":{"line":212,"column":19}},"11":{"start":{"line":216,"column":8},"end":{"line":216,"column":19}},"12":{"start":{"line":220,"column":8},"end":{"line":220,"column":40}},"13":{"start":{"line":224,"column":8},"end":{"line":224,"column":42}},"14":{"start":{"line":228,"column":8},"end":{"line":228,"column":29}},"15":{"start":{"line":232,"column":8},"end":{"line":232,"column":28}},"16":{"start":{"line":236,"column":8},"end":{"line":236,"column":43}},"17":{"start":{"line":240,"column":8},"end":{"line":240,"column":32}}},"branchMap":{}},"contracts/GoldChain.sol":{"l":{"66":1,"67":1,"68":1,"69":1,"94":11,"95":1,"97":10,"98":10,"104":10,"105":10,"113":22,"114":1,"116":21,"117":21,"124":21,"125":21,"137":2,"146":2,"147":2,"156":4,"163":4,"164":4,"173":5,"180":5,"181":5,"185":0,"189":0,"190":0,"197":11,"204":7,"210":4,"211":4,"212":4,"216":2,"217":2,"218":2,"222":2,"226":2,"230":0,"231":0,"232":0,"237":0,"238":0,"239":0,"240":0,"241":0,"242":0,"246":0,"247":0,"256":0},"path":"/home/nexus/dev/alyra/GoldChain/backend/contracts/GoldChain.sol","s":{"1":1,"2":1,"3":11,"4":10,"5":10,"6":10,"7":10,"8":22,"9":21,"10":21,"11":21,"12":21,"13":2,"14":2,"15":2,"16":4,"17":4,"18":4,"19":5,"20":5,"21":5,"22":0,"23":0,"24":0,"25":11,"26":7,"27":4,"28":4,"29":4,"30":2,"31":2,"32":2,"33":2,"34":2,"35":0,"36":0,"37":0,"38":0,"39":0,"40":0,"41":0,"42":0},"b":{"1":[1,10],"2":[1,21],"3":[2,0],"4":[4,1],"5":[5,1],"6":[4,1],"7":[2,1],"8":[0,0]},"f":{"1":1,"2":11,"3":22,"4":2,"5":4,"6":5,"7":0,"8":0,"9":11,"10":7,"11":4,"12":2,"13":2,"14":2,"15":0,"16":0,"17":0,"18":0},"fnMap":{"1":{"name":"constructor","line":65,"loc":{"start":{"line":65,"column":4},"end":{"line":70,"column":4}}},"2":{"name":"createCustomer","line":89,"loc":{"start":{"line":89,"column":4},"end":{"line":106,"column":4}}},"3":{"name":"createJeweler","line":108,"loc":{"start":{"line":108,"column":4},"end":{"line":126,"column":4}}},"4":{"name":"createCertificate","line":136,"loc":{"start":{"line":128,"column":4},"end":{"line":148,"column":4}}},"5":{"name":"updateCustomer","line":155,"loc":{"start":{"line":150,"column":4},"end":{"line":165,"column":4}}},"6":{"name":"updateJeweler","line":172,"loc":{"start":{"line":167,"column":4},"end":{"line":182,"column":4}}},"7":{"name":"updateCertificate","line":184,"loc":{"start":{"line":184,"column":4},"end":{"line":186,"column":4}}},"8":{"name":"transertCertificate","line":188,"loc":{"start":{"line":188,"column":4},"end":{"line":191,"column":4}}},"9":{"name":"getOneJeweler","line":196,"loc":{"start":{"line":196,"column":4},"end":{"line":198,"column":4}}},"10":{"name":"getOneCustomer","line":203,"loc":{"start":{"line":203,"column":4},"end":{"line":205,"column":4}}},"11":{"name":"activateJeweler","line":209,"loc":{"start":{"line":209,"column":4},"end":{"line":213,"column":4}}},"12":{"name":"desactivateJeweler","line":215,"loc":{"start":{"line":215,"column":4},"end":{"line":219,"column":4}}},"13":{"name":"getJewelerCount","line":221,"loc":{"start":{"line":221,"column":4},"end":{"line":223,"column":4}}},"14":{"name":"getCustomerCount","line":225,"loc":{"start":{"line":225,"column":4},"end":{"line":227,"column":4}}},"15":{"name":"getTraits","line":229,"loc":{"start":{"line":229,"column":4},"end":{"line":233,"column":4}}},"16":{"name":"genSVG","line":235,"loc":{"start":{"line":235,"column":4},"end":{"line":243,"column":4}}},"17":{"name":"tokenURI","line":245,"loc":{"start":{"line":245,"column":4},"end":{"line":248,"column":4}}},"18":{"name":"supportsInterface","line":250,"loc":{"start":{"line":250,"column":4},"end":{"line":257,"column":4}}}},"statementMap":{"1":{"start":{"line":66,"column":8},"end":{"line":66,"column":49}},"2":{"start":{"line":67,"column":8},"end":{"line":67,"column":36}},"3":{"start":{"line":94,"column":12},"end":{"line":94,"column":3661}},"4":{"start":{"line":97,"column":12},"end":{"line":97,"column":49}},"5":{"start":{"line":98,"column":12},"end":{"line":98,"column":3844}},"6":{"start":{"line":104,"column":12},"end":{"line":104,"column":61}},"7":{"start":{"line":105,"column":8},"end":{"line":105,"column":19}},"8":{"start":{"line":113,"column":12},"end":{"line":113,"column":4254}},"9":{"start":{"line":116,"column":12},"end":{"line":116,"column":48}},"10":{"start":{"line":117,"column":12},"end":{"line":117,"column":4434}},"11":{"start":{"line":124,"column":12},"end":{"line":124,"column":60}},"12":{"start":{"line":125,"column":8},"end":{"line":125,"column":19}},"13":{"start":{"line":137,"column":8},"end":{"line":137,"column":5069}},"14":{"start":{"line":146,"column":8},"end":{"line":146,"column":42}},"15":{"start":{"line":147,"column":8},"end":{"line":147,"column":19}},"16":{"start":{"line":156,"column":8},"end":{"line":156,"column":5571}},"17":{"start":{"line":163,"column":8},"end":{"line":163,"column":57}},"18":{"start":{"line":164,"column":8},"end":{"line":164,"column":19}},"19":{"start":{"line":173,"column":8},"end":{"line":173,"column":6024}},"20":{"start":{"line":180,"column":8},"end":{"line":180,"column":56}},"21":{"start":{"line":181,"column":8},"end":{"line":181,"column":19}},"22":{"start":{"line":185,"column":8},"end":{"line":185,"column":19}},"23":{"start":{"line":189,"column":8},"end":{"line":189,"column":43}},"24":{"start":{"line":190,"column":8},"end":{"line":190,"column":19}},"25":{"start":{"line":197,"column":8},"end":{"line":197,"column":57}},"26":{"start":{"line":204,"column":8},"end":{"line":204,"column":59}},"27":{"start":{"line":210,"column":8},"end":{"line":210,"column":51}},"28":{"start":{"line":211,"column":8},"end":{"line":211,"column":63}},"29":{"start":{"line":212,"column":8},"end":{"line":212,"column":19}},"30":{"start":{"line":216,"column":8},"end":{"line":216,"column":54}},"31":{"start":{"line":217,"column":8},"end":{"line":217,"column":66}},"32":{"start":{"line":218,"column":8},"end":{"line":218,"column":19}},"33":{"start":{"line":222,"column":8},"end":{"line":222,"column":44}},"34":{"start":{"line":226,"column":8},"end":{"line":226,"column":45}},"35":{"start":{"line":230,"column":8},"end":{"line":230,"column":81}},"36":{"start":{"line":231,"column":8},"end":{"line":231,"column":114}},"37":{"start":{"line":232,"column":8},"end":{"line":232,"column":121}},"38":{"start":{"line":237,"column":8},"end":{"line":237,"column":57}},"39":{"start":{"line":242,"column":8},"end":{"line":242,"column":78}},"40":{"start":{"line":246,"column":8},"end":{"line":246,"column":59}},"41":{"start":{"line":247,"column":8},"end":{"line":247,"column":183}},"42":{"start":{"line":256,"column":8},"end":{"line":256,"column":51}}},"branchMap":{"1":{"line":94,"type":"if","locations":[{"start":{"line":94,"column":12},"end":{"line":94,"column":12}},{"start":{"line":94,"column":12},"end":{"line":94,"column":12}}]},"2":{"line":113,"type":"if","locations":[{"start":{"line":113,"column":12},"end":{"line":113,"column":12}},{"start":{"line":113,"column":12},"end":{"line":113,"column":12}}]},"3":{"line":136,"type":"if","locations":[{"start":{"line":136,"column":15},"end":{"line":136,"column":15}},{"start":{"line":136,"column":15},"end":{"line":136,"column":15}}]},"4":{"line":155,"type":"if","locations":[{"start":{"line":155,"column":15},"end":{"line":155,"column":15}},{"start":{"line":155,"column":15},"end":{"line":155,"column":15}}]},"5":{"line":172,"type":"if","locations":[{"start":{"line":172,"column":15},"end":{"line":172,"column":15}},{"start":{"line":172,"column":15},"end":{"line":172,"column":15}}]},"6":{"line":209,"type":"if","locations":[{"start":{"line":209,"column":63},"end":{"line":209,"column":63}},{"start":{"line":209,"column":63},"end":{"line":209,"column":63}}]},"7":{"line":215,"type":"if","locations":[{"start":{"line":215,"column":66},"end":{"line":215,"column":66}},{"start":{"line":215,"column":66},"end":{"line":215,"column":66}}]},"8":{"line":246,"type":"if","locations":[{"start":{"line":246,"column":8},"end":{"line":246,"column":8}},{"start":{"line":246,"column":8},"end":{"line":246,"column":8}}]}}},"contracts/NFTGoldChain.sol":{"l":{"19":2,"20":2,"23":1,"26":1,"27":1,"29":1,"58":1,"150":8,"151":8,"152":8,"158":2,"177":2,"182":2},"path":"/home/nexus/dev/alyra/GoldChain/backend/contracts/NFTGoldChain.sol","s":{"1":2,"2":2,"3":1,"4":1,"5":1,"6":1,"7":1,"8":8,"9":8,"10":8,"11":2,"12":2,"13":2},"b":{"1":[1,1]},"f":{"1":2,"2":14,"3":8,"4":2,"5":2,"6":2},"fnMap":{"1":{"name":"encode","line":18,"loc":{"start":{"line":18,"column":4},"end":{"line":59,"column":4}}},"2":{"name":"constructor","line":144,"loc":{"start":{"line":143,"column":4},"end":{"line":147,"column":4}}},"3":{"name":"safeMint","line":149,"loc":{"start":{"line":149,"column":4},"end":{"line":153,"column":4}}},"4":{"name":"tokenURI","line":156,"loc":{"start":{"line":156,"column":4},"end":{"line":159,"column":4}}},"5":{"name":"supportsInterface","line":170,"loc":{"start":{"line":170,"column":4},"end":{"line":178,"column":4}}},"6":{"name":"Base64Encode","line":181,"loc":{"start":{"line":181,"column":4},"end":{"line":183,"column":4}}}},"statementMap":{"1":{"start":{"line":19,"column":8},"end":{"line":19,"column":33}},"2":{"start":{"line":20,"column":8},"end":{"line":20,"column":31}},"3":{"start":{"line":20,"column":22},"end":{"line":20,"column":31}},"4":{"start":{"line":23,"column":8},"end":{"line":23,"column":48}},"5":{"start":{"line":26,"column":8},"end":{"line":26,"column":56}},"6":{"start":{"line":27,"column":8},"end":{"line":27,"column":34}},"7":{"start":{"line":58,"column":8},"end":{"line":58,"column":29}},"8":{"start":{"line":150,"column":8},"end":{"line":150,"column":40}},"9":{"start":{"line":151,"column":8},"end":{"line":151,"column":29}},"10":{"start":{"line":152,"column":8},"end":{"line":152,"column":22}},"11":{"start":{"line":158,"column":8},"end":{"line":158,"column":17}},"12":{"start":{"line":177,"column":8},"end":{"line":177,"column":51}},"13":{"start":{"line":182,"column":8},"end":{"line":182,"column":34}}},"branchMap":{"1":{"line":20,"type":"if","locations":[{"start":{"line":20,"column":8},"end":{"line":20,"column":8}},{"start":{"line":20,"column":8},"end":{"line":20,"column":8}}]}}}}